1602862197074	geckodriver	INFO	Listening on 127.0.0.1:41421
1602862197200	mozrunner::runner	INFO	Running command: "/usr/bin/firefox" "--marionette" "-foreground" "-no-remote" "-profile" "/tmp/rust_mozprofilepsCvTq"
1602862205043	Marionette	INFO	Listening on port 35169
1602862205056	Marionette	WARN	TLS certificate errors will be ignored for this session
1602862303471	Marionette	INFO	Stopped listening on port 35169
1602862383805	geckodriver	INFO	Listening on 127.0.0.1:36361
1602862383811	mozrunner::runner	INFO	Running command: "/usr/bin/firefox" "--marionette" "-foreground" "-no-remote" "-profile" "/tmp/rust_mozprofileTBQY21"
1602862388764	Marionette	INFO	Listening on port 45269
1602862388836	Marionette	WARN	TLS certificate errors will be ignored for this session

###!!! [Child][RunMessage] Error: Channel closing: too late to send/recv, messages will be lost


###!!! [Child][RunMessage] Error: Channel closing: too late to send/recv, messages will be lost


###!!! [Child][RunMessage] Error: Channel closing: too late to send/recv, messages will be lost


###!!! [Child][RunMessage] Error: Channel closing: too late to send/recv, messages will be lost


###!!! [Child][RunMessage] Error: Channel closing: too late to send/recv, messages will be lost


###!!! [Child][RunMessage] Error: Channel closing: too late to send/recv, messages will be lost


###!!! [Child][RunMessage] Error: Channel closing: too late to send/recv, messages will be lost


###!!! [Child][RunMessage] Error: Channel closing: too late to send/recv, messages will be lost


###!!! [Child][RunMessage] Error: Channel closing: too late to send/recv, messages will be lost


###!!! [Child][RunMessage] Error: Channel closing: too late to send/recv, messages will be lost


###!!! [Child][RunMessage] Error: Channel closing: too late to send/recv, messages will be lost


###!!! [Child][RunMessage] Error: Channel closing: too late to send/recv, messages will be lost


###!!! [Child][RunMessage] Error: Channel closing: too late to send/recv, messages will be lost


###!!! [Child][RunMessage] Error: Channel closing: too late to send/recv, messages will be lost


###!!! [Child][RunMessage] Error: Channel closing: too late to send/recv, messages will be lost


###!!! [Child][RunMessage] Error: Channel closing: too late to send/recv, messages will be lost


###!!! [Child][RunMessage] Error: Channel closing: too late to send/recv, messages will be lost


###!!! [Child][RunMessage] Error: Channel closing: too late to send/recv, messages will be lost


###!!! [Child][RunMessage] Error: Channel closing: too late to send/recv, messages will be lost


###!!! [Child][RunMessage] Error: Channel closing: too late to send/recv, messages will be lost


###!!! [Child][RunMessage] Error: Channel closing: too late to send/recv, messages will be lost


###!!! [Child][RunMessage] Error: Channel closing: too late to send/recv, messages will be lost


###!!! [Child][RunMessage] Error: Channel closing: too late to send/recv, messages will be lost


###!!! [Child][RunMessage] Error: Channel closing: too late to send/recv, messages will be lost


###!!! [Child][RunMessage] Error: Channel closing: too late to send/recv, messages will be lost


###!!! [Child][RunMessage] Error: Channel closing: too late to send/recv, messages will be lost


###!!! [Child][RunMessage] Error: Channel closing: too late to send/recv, messages will be lost


###!!! [Child][RunMessage] Error: Channel closing: too late to send/recv, messages will be lost


###!!! [Child][RunMessage] Error: Channel closing: too late to send/recv, messages will be lost


###!!! [Child][RunMessage] Error: Channel closing: too late to send/recv, messages will be lost


###!!! [Child][RunMessage] Error: Channel closing: too late to send/recv, messages will be lost


###!!! [Child][RunMessage] Error: Channel closing: too late to send/recv, messages will be lost


###!!! [Child][RunMessage] Error: Channel closing: too late to send/recv, messages will be lost


###!!! [Child][RunMessage] Error: Channel closing: too late to send/recv, messages will be lost


###!!! [Child][RunMessage] Error: Channel closing: too late to send/recv, messages will be lost


###!!! [Child][RunMessage] Error: Channel closing: too late to send/recv, messages will be lost


###!!! [Child][RunMessage] Error: Channel closing: too late to send/recv, messages will be lost


###!!! [Child][RunMessage] Error: Channel closing: too late to send/recv, messages will be lost


###!!! [Child][RunMessage] Error: Channel closing: too late to send/recv, messages will be lost


###!!! [Child][RunMessage] Error: Channel closing: too late to send/recv, messages will be lost


###!!! [Child][RunMessage] Error: Channel closing: too late to send/recv, messages will be lost


###!!! [Child][RunMessage] Error: Channel closing: too late to send/recv, messages will be lost


###!!! [Child][RunMessage] Error: Channel closing: too late to send/recv, messages will be lost


###!!! [Child][RunMessage] Error: Channel closing: too late to send/recv, messages will be lost


###!!! [Child][RunMessage] Error: Channel closing: too late to send/recv, messages will be lost


###!!! [Child][RunMessage] Error: Channel closing: too late to send/recv, messages will be lost


###!!! [Child][RunMessage] Error: Channel closing: too late to send/recv, messages will be lost


###!!! [Child][RunMessage] Error: Channel closing: too late to send/recv, messages will be lost


###!!! [Child][RunMessage] Error: Channel closing: too late to send/recv, messages will be lost


###!!! [Child][RunMessage] Error: Channel closing: too late to send/recv, messages will be lost


###!!! [Child][RunMessage] Error: Channel closing: too late to send/recv, messages will be lost


###!!! [Child][RunMessage] Error: Channel closing: too late to send/recv, messages will be lost

1602862402102	Marionette	INFO	Stopped listening on port 45269
1602862415021	geckodriver	INFO	Listening on 127.0.0.1:34797
1602862415027	mozrunner::runner	INFO	Running command: "/usr/bin/firefox" "--marionette" "-foreground" "-no-remote" "-profile" "/tmp/rust_mozprofilePF6Nyp"
1602862420156	Marionette	INFO	Listening on port 35807
1602862420250	Marionette	WARN	TLS certificate errors will be ignored for this session
1602862541284	Marionette	INFO	Stopped listening on port 35807
1602863088657	geckodriver	INFO	Listening on 127.0.0.1:51569
1602863088663	mozrunner::runner	INFO	Running command: "/usr/bin/firefox" "--marionette" "-foreground" "-no-remote" "-profile" "/tmp/rust_mozprofile1laH4r"
1602863091206	geckodriver	INFO	Listening on 127.0.0.1:48807
1602863091219	mozrunner::runner	INFO	Running command: "/usr/bin/firefox" "--marionette" "-foreground" "-no-remote" "-profile" "/tmp/rust_mozprofile1JsEea"
JavaScript error: resource://gre/modules/URIFixup.jsm, line 281: NS_ERROR_FAILURE: Should pass a non-null uri
1602863107009	Marionette	INFO	Listening on port 40535
1602863107065	Marionette	WARN	TLS certificate errors will be ignored for this session
JavaScript warning: http://www.mnnit.ac.in/media/com_finder/js/autocompleter.js, line 290: unreachable code after return statement
1602863120989	Marionette	INFO	Stopped listening on port 40535
IPDL protocol error: Handler returned error code!

###!!! [Parent][DispatchAsyncMessage] Error: PLayerTransaction::Msg_ReleaseLayer Processing error: message was deserialized, but the handler returned false (indicating failure)

1602866181374	geckodriver	INFO	Listening on 127.0.0.1:44767
1602866181410	mozrunner::runner	INFO	Running command: "/usr/bin/firefox" "--marionette" "-foreground" "-no-remote" "-profile" "/tmp/rust_mozprofilenO74tX"
1602866186496	Marionette	INFO	Listening on port 33555
1602866186530	Marionette	WARN	TLS certificate errors will be ignored for this session
JavaScript warning: http://www.mnnit.ac.in/media/com_finder/js/autocompleter.js, line 290: unreachable code after return statement
1602866202454	Marionette	INFO	Stopped listening on port 33555
1602866208709	geckodriver	INFO	Listening on 127.0.0.1:36575
1602866208714	mozrunner::runner	INFO	Running command: "/usr/bin/firefox" "--marionette" "-foreground" "-no-remote" "-profile" "/tmp/rust_mozprofile0fhWm5"
1602866214387	Marionette	INFO	Listening on port 37149
1602866214438	Marionette	WARN	TLS certificate errors will be ignored for this session
JavaScript error: , line 0: UnknownError: The operation failed for reasons unrelated to the database itself and not covered by any other error code.
1602866244731	Marionette	INFO	Stopped listening on port 37149
1602956893876	geckodriver	INFO	Listening on 127.0.0.1:48527
1602956893977	mozrunner::runner	INFO	Running command: "/usr/bin/firefox" "--marionette" "-foreground" "-no-remote" "-profile" "/tmp/rust_mozprofileJ6dE7h"
1602956899912	Marionette	INFO	Listening on port 45055
1602956900023	Marionette	WARN	TLS certificate errors will be ignored for this session
IPDL protocol error: Handler returned error code!

###!!! [Parent][DispatchAsyncMessage] Error: PLayerTransaction::Msg_ReleaseLayer Processing error: message was deserialized, but the handler returned false (indicating failure)

IPDL protocol error: Handler returned error code!

###!!! [Parent][DispatchAsyncMessage] Error: PLayerTransaction::Msg_ReleaseLayer Processing error: message was deserialized, but the handler returned false (indicating failure)

IPDL protocol error: Handler returned error code!

###!!! [Parent][DispatchAsyncMessage] Error: PLayerTransaction::Msg_ReleaseLayer Processing error: message was deserialized, but the handler returned false (indicating failure)

IPDL protocol error: Handler returned error code!

###!!! [Parent][DispatchAsyncMessage] Error: PLayerTransaction::Msg_ReleaseLayer Processing error: message was deserialized, but the handler returned false (indicating failure)

JavaScript error: , line 0: UnknownError: The operation failed for reasons unrelated to the database itself and not covered by any other error code.
1602957081365	Marionette	INFO	Stopped listening on port 45055
1602957100942	geckodriver	INFO	Listening on 127.0.0.1:47835
1602957100949	mozrunner::runner	INFO	Running command: "/usr/bin/firefox" "--marionette" "-foreground" "-no-remote" "-profile" "/tmp/rust_mozprofilev3xTKT"
1602957105913	Marionette	INFO	Listening on port 46839
1602957105961	Marionette	WARN	TLS certificate errors will be ignored for this session
1602957213046	geckodriver	INFO	Listening on 127.0.0.1:41805
1602957213059	mozrunner::runner	INFO	Running command: "/usr/bin/firefox" "--marionette" "-foreground" "-no-remote" "-profile" "/tmp/rust_mozprofileLdV1Yy"
1602957219443	Marionette	INFO	Listening on port 37663
1602957219493	Marionette	WARN	TLS certificate errors will be ignored for this session
1602957304806	geckodriver	INFO	Listening on 127.0.0.1:48905
1602957304815	mozrunner::runner	INFO	Running command: "/usr/bin/firefox" "--marionette" "-foreground" "-no-remote" "-profile" "/tmp/rust_mozprofilem6Vm6A"
JavaScript error: resource://gre/modules/UrlClassifierListManager.jsm, line 691: TypeError: this.tablesData[table] is undefined
1602957312437	Marionette	INFO	Listening on port 46509
1602957312538	Marionette	WARN	TLS certificate errors will be ignored for this session
IPDL protocol error: Handler returned error code!

###!!! [Parent][DispatchAsyncMessage] Error: PLayerTransaction::Msg_ReleaseLayer Processing error: message was deserialized, but the handler returned false (indicating failure)

IPDL protocol error: Handler returned error code!

###!!! [Parent][DispatchAsyncMessage] Error: PLayerTransaction::Msg_ReleaseLayer Processing error: message was deserialized, but the handler returned false (indicating failure)

IPDL protocol error: Handler returned error code!

###!!! [Parent][DispatchAsyncMessage] Error: PLayerTransaction::Msg_ReleaseLayer Processing error: message was deserialized, but the handler returned false (indicating failure)

JavaScript error: , line 0: UnknownError: The operation failed for reasons unrelated to the database itself and not covered by any other error code.
1602957318052	Marionette	INFO	Stopped listening on port 37663
1602957318448	Marionette	INFO	Stopped listening on port 46839
1602957356314	Marionette	INFO	Stopped listening on port 46509
IPDL protocol error: Handler returned error code!

###!!! [Parent][DispatchAsyncMessage] Error: PLayerTransaction::Msg_ReleaseLayer Processing error: message was deserialized, but the handler returned false (indicating failure)

IPDL protocol error: Handler returned error code!

###!!! [Parent][DispatchAsyncMessage] Error: PLayerTransaction::Msg_ReleaseLayer Processing error: message was deserialized, but the handler returned false (indicating failure)

IPDL protocol error: Handler returned error code!

###!!! [Parent][DispatchAsyncMessage] Error: PLayerTransaction::Msg_ReleaseLayer Processing error: message was deserialized, but the handler returned false (indicating failure)

1602957430868	geckodriver	INFO	Listening on 127.0.0.1:52947
1602957430873	mozrunner::runner	INFO	Running command: "/usr/bin/firefox" "--marionette" "-foreground" "-no-remote" "-profile" "/tmp/rust_mozprofilexe8xFe"
1602957437199	Marionette	INFO	Listening on port 35053
1602957437305	Marionette	WARN	TLS certificate errors will be ignored for this session
1602957483999	Marionette	INFO	Stopped listening on port 35053
1602958570299	geckodriver	INFO	Listening on 127.0.0.1:52227
1602958570303	mozrunner::runner	INFO	Running command: "/usr/bin/firefox" "--marionette" "-foreground" "-no-remote" "-profile" "/tmp/rust_mozprofileDUWHF7"
1602958580499	Marionette	INFO	Listening on port 41315
1602958580547	Marionette	WARN	TLS certificate errors will be ignored for this session
1602958611796	Marionette	INFO	Stopped listening on port 41315
JavaScript error: resource://gre/modules/UrlClassifierListManager.jsm, line 691: TypeError: this.tablesData[table] is undefined
1602958816441	geckodriver	INFO	Listening on 127.0.0.1:38303
1602958816446	mozrunner::runner	INFO	Running command: "/usr/bin/firefox" "--marionette" "-foreground" "-no-remote" "-profile" "/tmp/rust_mozprofileiCYYa6"
1602958821666	Marionette	INFO	Listening on port 35861
1602958821771	Marionette	WARN	TLS certificate errors will be ignored for this session
JavaScript error: https://www.nimcet.in/bootstrap/dist/js/bootstrap.min.js, line 6: TypeError: f[0] is undefined
1602958846081	Marionette	INFO	Stopped listening on port 35861
1602958881722	geckodriver	INFO	Listening on 127.0.0.1:56757
1602958881727	mozrunner::runner	INFO	Running command: "/usr/bin/firefox" "--marionette" "-foreground" "-no-remote" "-profile" "/tmp/rust_mozprofileqQ79zu"
1602958887236	Marionette	INFO	Listening on port 39985
1602958887246	Marionette	WARN	TLS certificate errors will be ignored for this session
JavaScript error: resource://gre/modules/URIFixup.jsm, line 281: NS_ERROR_FAILURE: Should pass a non-null uri
JavaScript error: https://www.nimcet.in/bootstrap/dist/js/bootstrap.min.js, line 6: TypeError: f[0] is undefined
1602958912990	Marionette	INFO	Stopped listening on port 39985
1602958978773	geckodriver	INFO	Listening on 127.0.0.1:58265
1602958978778	mozrunner::runner	INFO	Running command: "/usr/bin/firefox" "--marionette" "-foreground" "-no-remote" "-profile" "/tmp/rust_mozprofileYSZcZ1"
1602958984770	Marionette	INFO	Listening on port 38373
1602958984802	Marionette	WARN	TLS certificate errors will be ignored for this session
1602959015114	Marionette	INFO	Stopped listening on port 38373
JavaScript error: resource://gre/modules/UrlClassifierListManager.jsm, line 691: TypeError: this.tablesData[table] is undefined
1602959048373	geckodriver	INFO	Listening on 127.0.0.1:49867
1602959048378	mozrunner::runner	INFO	Running command: "/usr/bin/firefox" "--marionette" "-foreground" "-no-remote" "-profile" "/tmp/rust_mozprofile3eaWrT"
1602959052620	Marionette	INFO	Listening on port 46355
1602959052691	Marionette	WARN	TLS certificate errors will be ignored for this session
1602959081172	Marionette	INFO	Stopped listening on port 46355
1602959177483	geckodriver	INFO	Listening on 127.0.0.1:35209
1602959177488	mozrunner::runner	INFO	Running command: "/usr/bin/firefox" "--marionette" "-foreground" "-no-remote" "-profile" "/tmp/rust_mozprofilenWC970"
1602959183371	Marionette	INFO	Listening on port 38429
1602959183410	Marionette	WARN	TLS certificate errors will be ignored for this session
1602959246044	geckodriver	INFO	Listening on 127.0.0.1:45629
1602959246049	mozrunner::runner	INFO	Running command: "/usr/bin/firefox" "--marionette" "-foreground" "-no-remote" "-profile" "/tmp/rust_mozprofilezZqaBC"
1602959252055	Marionette	INFO	Listening on port 38311
1602959252072	Marionette	WARN	TLS certificate errors will be ignored for this session
JavaScript error: , line 0: UnknownError: The operation failed for reasons unrelated to the database itself and not covered by any other error code.
1602959254867	Marionette	INFO	Stopped listening on port 38429
1602959316056	geckodriver	INFO	Listening on 127.0.0.1:51183
1602959316061	mozrunner::runner	INFO	Running command: "/usr/bin/firefox" "--marionette" "-foreground" "-no-remote" "-profile" "/tmp/rust_mozprofileGvj0Ji"
1602959320606	Marionette	INFO	Listening on port 34551
1602959320676	Marionette	WARN	TLS certificate errors will be ignored for this session
1602959341260	Marionette	INFO	Stopped listening on port 34551
IPDL protocol error: Handler returned error code!

###!!! [Parent][DispatchAsyncMessage] Error: PLayerTransaction::Msg_ReleaseLayer Processing error: message was deserialized, but the handler returned false (indicating failure)

JavaScript error: , line 0: UnknownError: The operation failed for reasons unrelated to the database itself and not covered by any other error code.
1602959467752	Marionette	INFO	Stopped listening on port 38311
1603902866460	geckodriver	INFO	Listening on 127.0.0.1:33991
1603902867478	mozrunner::runner	INFO	Running command: "/usr/bin/firefox" "--marionette" "-foreground" "-no-remote" "-profile" "/tmp/rust_mozprofileExcNd2"
1603902876610	Marionette	INFO	Listening on port 36699
1603902876714	Marionette	WARN	TLS certificate errors will be ignored for this session
1603902884254	Marionette	INFO	Stopped listening on port 36699
JavaScript error: resource://gre/modules/UrlClassifierListManager.jsm, line 691: TypeError: this.tablesData[table] is undefined
1603902967246	geckodriver	INFO	Listening on 127.0.0.1:33923
1603902967253	mozrunner::runner	INFO	Running command: "/usr/bin/firefox" "--marionette" "-foreground" "-no-remote" "-profile" "/tmp/rust_mozprofileFyHv4p"
1603902979673	Marionette	INFO	Listening on port 37831
1603902979710	Marionette	WARN	TLS certificate errors will be ignored for this session
JavaScript error: , line 0: UnknownError: The operation failed for reasons unrelated to the database itself and not covered by any other error code.
1603903050609	Marionette	INFO	Stopped listening on port 37831
1603903054763	geckodriver	INFO	Listening on 127.0.0.1:35475
1603903054778	mozrunner::runner	INFO	Running command: "/usr/bin/firefox" "--marionette" "-foreground" "-no-remote" "-profile" "/tmp/rust_mozprofilex6Voss"
1603903059847	Marionette	INFO	Listening on port 38995
1603903059897	Marionette	WARN	TLS certificate errors will be ignored for this session
1603903077106	Marionette	INFO	Stopped listening on port 38995
1603903139340	geckodriver	INFO	Listening on 127.0.0.1:36943
1603903139346	mozrunner::runner	INFO	Running command: "/usr/bin/firefox" "--marionette" "-foreground" "-no-remote" "-profile" "/tmp/rust_mozprofileLKMtA7"
1603903159380	Marionette	INFO	Listening on port 33881
1603903159436	Marionette	WARN	TLS certificate errors will be ignored for this session
JavaScript warning: https://www.oberoihotels.com/Scripts/OberoiHotels/plugin/jquery-1.9.1.js, line 2: Using //@ to indicate sourceMappingURL pragmas is deprecated. Use //# instead
1603903235763	Marionette	INFO	Stopped listening on port 33881
1603903307459	geckodriver	INFO	Listening on 127.0.0.1:58825
1603903307464	mozrunner::runner	INFO	Running command: "/usr/bin/firefox" "--marionette" "-foreground" "-no-remote" "-profile" "/tmp/rust_mozprofilegbiZXc"
1603903313599	Marionette	INFO	Listening on port 46833
1603903313691	Marionette	WARN	TLS certificate errors will be ignored for this session
JavaScript error: https://tanviherbals.com/, line 277: ReferenceError: gtag is not defined
1603903354031	Marionette	INFO	Stopped listening on port 46833
1607491469982	geckodriver	INFO	Listening on 127.0.0.1:39095
1607491470109	mozrunner::runner	INFO	Running command: "/usr/bin/firefox" "--marionette" "-foreground" "-no-remote" "-profile" "/tmp/rust_mozprofileyLldLy"
1607491476647	Marionette	INFO	Listening on port 43209
1607491476762	Marionette	WARN	TLS certificate errors will be ignored for this session
JavaScript error: , line 0: UnknownError: The operation failed for reasons unrelated to the database itself and not covered by any other error code.
1607491578931	Marionette	INFO	Stopped listening on port 43209
1607491588016	geckodriver	INFO	Listening on 127.0.0.1:46267
1607491588027	mozrunner::runner	INFO	Running command: "/usr/bin/firefox" "--marionette" "-foreground" "-no-remote" "-profile" "/tmp/rust_mozprofiledVA7LY"
1607491592510	Marionette	INFO	Listening on port 41519
1607491592541	Marionette	WARN	TLS certificate errors will be ignored for this session
1607491602853	Marionette	INFO	Stopped listening on port 41519
JavaScript error: resource://gre/modules/UrlClassifierListManager.jsm, line 691: TypeError: this.tablesData[table] is undefined
1608033853813	geckodriver	INFO	Listening on 127.0.0.1:40551
1608033853910	mozrunner::runner	INFO	Running command: "/usr/bin/firefox" "--marionette" "-foreground" "-no-remote" "-profile" "/tmp/rust_mozprofileiVWUp8"
1608033862260	Marionette	INFO	Listening on port 34835
1608033862349	Marionette	WARN	TLS certificate errors will be ignored for this session
JavaScript warning: https://code.jquery.com/jquery-1.11.1.min.js, line 2: Script terminated by timeout at:
m.fn.extend@https://code.jquery.com/jquery-1.11.1.min.js:2:1526
simulate@https://code.jquery.com/jquery-1.11.1.min.js:3:10918
c@https://code.jquery.com/jquery-1.11.1.min.js:3:14165

JavaScript error: , line 0: UnknownError: The operation failed for reasons unrelated to the database itself and not covered by any other error code.
1608033998654	Marionette	INFO	Stopped listening on port 34835
1608034002353	geckodriver	INFO	Listening on 127.0.0.1:54385
1608034002360	mozrunner::runner	INFO	Running command: "/usr/bin/firefox" "--marionette" "-foreground" "-no-remote" "-profile" "/tmp/rust_mozprofileEfyfre"
1608034007890	Marionette	INFO	Listening on port 37055
1608034007984	Marionette	WARN	TLS certificate errors will be ignored for this session
JavaScript error: , line 0: UnknownError: The operation failed for reasons unrelated to the database itself and not covered by any other error code.
1608034162566	Marionette	INFO	Stopped listening on port 37055
1608034214013	geckodriver	INFO	Listening on 127.0.0.1:56993
1608034214018	mozrunner::runner	INFO	Running command: "/usr/bin/firefox" "--marionette" "-foreground" "-no-remote" "-profile" "/tmp/rust_mozprofilejXhEO6"
1608034219134	Marionette	INFO	Listening on port 45293
1608034219240	Marionette	WARN	TLS certificate errors will be ignored for this session
JavaScript error: https://www.spoj.com/users/probito/, line 285: TypeError: google.load is not a function
JavaScript error: , line 0: UnknownError: The operation failed for reasons unrelated to the database itself and not covered by any other error code.
1608034472742	Marionette	INFO	Stopped listening on port 45293
1608035329608	geckodriver	INFO	Listening on 127.0.0.1:50001
1608035329632	mozrunner::runner	INFO	Running command: "/usr/bin/firefox" "--marionette" "-foreground" "-no-remote" "-profile" "/tmp/rust_mozprofileV43dFp"
1608035341514	Marionette	INFO	Listening on port 46037
1608035341562	Marionette	WARN	TLS certificate errors will be ignored for this session
JavaScript error: https://code.jquery.com/ui/1.11.2/jquery-ui.min.js, line 6: ReferenceError: jQuery is not defined
JavaScript error: https://www.spoj.com/users/probito/, line 61: ReferenceError: $ is not defined
JavaScript error: https://www.spoj.com/users/probito/, line 268: ReferenceError: $ is not defined
JavaScript error: https://www.spoj.com/users/probito/, line 532: ReferenceError: $ is not defined
JavaScript error: https://stx1.spoj.com/gfx/jquery.timers.js, line 12: ReferenceError: jQuery is not defined
JavaScript error: https://stx1.spoj.com/gfx/jquery.cookie.js, line 56: ReferenceError: jQuery is not defined
JavaScript error: https://maxcdn.bootstrapcdn.com/bootstrap/3.3.2/js/bootstrap.min.js, line 6: Error: Bootstrap's JavaScript requires jQuery
JavaScript error: https://stx1.spoj.com/gfx/bootstrap-tour/build/js/bootstrap-tour.min.js, line 22: ReferenceError: jQuery is not defined
JavaScript error: https://stx1.spoj.com/gfx/scripts/tour.js, line 2: ReferenceError: $ is not defined
JavaScript error: https://www.spoj.com/users/probito/, line 613: ReferenceError: $ is not defined
console.error: "Store does not have a valid reducer. Make sure the argument passed to combineReducers is an object whose values are reducers."
console.error: "stylesheets actor: fetch failed for https://maxcdn.bootstrapcdn.com/bootstrap/3.3.1/css/bootstrap.min.css, using system principal instead."
console.error: "stylesheets actor: fetch failed for https://maxcdn.bootstrapcdn.com/bootstrap/3.3.1/css/bootstrap.min.css, using system principal instead."
console.error: "stylesheets actor: fetch failed for https://maxcdn.bootstrapcdn.com/font-awesome/4.3.0/css/font-awesome.min.css, using system principal instead."
console.error: "stylesheets actor: fetch failed for https://maxcdn.bootstrapcdn.com/font-awesome/4.3.0/css/font-awesome.min.css, using system principal instead."
console.error: "Error while calling actor 'pagestyle's method 'getApplied'" "Failed to fetch https://maxcdn.bootstrapcdn.com/font-awesome/4.3.0/css/font-awesome.min.css. Code 2152398878."
console.error: "onResponse@resource://devtools/shared/DevToolsUtils.js:547:16\nonStopRequest@resource://gre/modules/NetUtil.jsm:128:18\n"
console.error: (new Error("Protocol error (Error): Failed to fetch https://maxcdn.bootstrapcdn.com/font-awesome/4.3.0/css/font-awesome.min.css. Code 2152398878. from: server0.conn0.child2/pagestyle26 (resource://devtools/shared/DevToolsUtils.js:547:16)", "resource://devtools/shared/protocol/Front.js", 323))
console.error: (new Error("Protocol error (Error): Failed to fetch https://maxcdn.bootstrapcdn.com/font-awesome/4.3.0/css/font-awesome.min.css. Code 2152398878. from: server0.conn0.child2/pagestyle26 (resource://devtools/shared/DevToolsUtils.js:547:16)", "resource://devtools/shared/protocol/Front.js", 323))
console.error: (new Error("Protocol error (Error): Failed to fetch https://maxcdn.bootstrapcdn.com/font-awesome/4.3.0/css/font-awesome.min.css. Code 2152398878. from: server0.conn0.child2/pagestyle26 (resource://devtools/shared/DevToolsUtils.js:547:16)", "resource://devtools/shared/protocol/Front.js", 323))
console.error: "Error while calling actor 'pagestyle's method 'getApplied'" "Failed to fetch https://maxcdn.bootstrapcdn.com/font-awesome/4.3.0/css/font-awesome.min.css. Code 2152398878."
console.error: "onResponse@resource://devtools/shared/DevToolsUtils.js:547:16\nonStopRequest@resource://gre/modules/NetUtil.jsm:128:18\n"
console.error: (new Error("Protocol error (Error): Failed to fetch https://maxcdn.bootstrapcdn.com/font-awesome/4.3.0/css/font-awesome.min.css. Code 2152398878. from: server0.conn0.child2/pagestyle26 (resource://devtools/shared/DevToolsUtils.js:547:16)", "resource://devtools/shared/protocol/Front.js", 323))
JavaScript error: , line 0: UnknownError: The operation failed for reasons unrelated to the database itself and not covered by any other error code.
1608053716920	Marionette	INFO	Stopped listening on port 46037
1610287610518	geckodriver	INFO	Listening on 127.0.0.1:60075
1610287611525	mozrunner::runner	INFO	Running command: "/usr/bin/firefox" "--marionette" "-foreground" "-no-remote" "-profile" "/tmp/rust_mozprofileQTwq2V"
1610287620497	Marionette	INFO	Listening on port 35463
1610287620577	Marionette	WARN	TLS certificate errors will be ignored for this session
1610287657161	Marionette	INFO	Stopped listening on port 35463
1610287754144	geckodriver	INFO	Listening on 127.0.0.1:40003
1610287754148	mozrunner::runner	INFO	Running command: "/usr/bin/firefox" "--marionette" "-foreground" "-no-remote" "-profile" "/tmp/rust_mozprofile0Ceo29"
1610287759230	Marionette	INFO	Listening on port 35087
1610287759268	Marionette	WARN	TLS certificate errors will be ignored for this session
1610287762910	Marionette	INFO	Stopped listening on port 35087

###!!! [Child][RunMessage] Error: Channel closing: too late to send/recv, messages will be lost

console.error: services.settings: 
  main/cfr-fxa Signature failed  TypeError: NetworkError when attempting to fetch resource.
1610288402754	geckodriver	INFO	Listening on 127.0.0.1:44517
1610288402759	mozrunner::runner	INFO	Running command: "/usr/bin/firefox" "--marionette" "-foreground" "-no-remote" "-profile" "/tmp/rust_mozprofile1WWSso"
1610288407922	Marionette	INFO	Listening on port 42181
1610288407977	Marionette	WARN	TLS certificate errors will be ignored for this session
JavaScript error: , line 0: UnknownError: The operation failed for reasons unrelated to the database itself and not covered by any other error code.
1610288459007	Marionette	INFO	Stopped listening on port 42181
1610288894775	geckodriver	INFO	Listening on 127.0.0.1:45089
1610288894791	mozrunner::runner	INFO	Running command: "/usr/bin/firefox" "--marionette" "-foreground" "-no-remote" "-profile" "/tmp/rust_mozprofileatlNko"
1610288904488	Marionette	INFO	Listening on port 44953
1610288904535	Marionette	WARN	TLS certificate errors will be ignored for this session
JavaScript error: , line 0: UnknownError: The operation failed for reasons unrelated to the database itself and not covered by any other error code.
1610288997655	Marionette	INFO	Stopped listening on port 44953
1610289001949	geckodriver	INFO	Listening on 127.0.0.1:55557
1610289001954	mozrunner::runner	INFO	Running command: "/usr/bin/firefox" "--marionette" "-foreground" "-no-remote" "-profile" "/tmp/rust_mozprofilenTiHn8"
1610289006789	Marionette	INFO	Listening on port 37049
1610289006867	Marionette	WARN	TLS certificate errors will be ignored for this session
IPDL protocol error: Handler returned error code!

###!!! [Parent][DispatchAsyncMessage] Error: PLayerTransaction::Msg_ReleaseLayer Processing error: message was deserialized, but the handler returned false (indicating failure)

1610289050478	Marionette	INFO	Stopped listening on port 37049
1610289230785	geckodriver	INFO	Listening on 127.0.0.1:49001
1610289230791	mozrunner::runner	INFO	Running command: "/usr/bin/firefox" "--marionette" "-foreground" "-no-remote" "-profile" "/tmp/rust_mozprofileEroGJR"
1610289238130	Marionette	INFO	Listening on port 34015
1610289238209	Marionette	WARN	TLS certificate errors will be ignored for this session
1610289255384	Marionette	INFO	Stopped listening on port 34015
1610289328798	geckodriver	INFO	Listening on 127.0.0.1:36997
1610289328803	mozrunner::runner	INFO	Running command: "/usr/bin/firefox" "--marionette" "-foreground" "-no-remote" "-profile" "/tmp/rust_mozprofileGlwnKN"
1610289333665	Marionette	INFO	Listening on port 46775
1610289333714	Marionette	WARN	TLS certificate errors will be ignored for this session
1610289349327	Marionette	INFO	Stopped listening on port 46775

###!!! [Parent][RunMessage] Error: Channel closing: too late to send/recv, messages will be lost

1610289596723	geckodriver	INFO	Listening on 127.0.0.1:53823
1610289596730	mozrunner::runner	INFO	Running command: "/usr/bin/firefox" "--marionette" "-foreground" "-no-remote" "-profile" "/tmp/rust_mozprofilelYiA0F"
1610289601773	Marionette	INFO	Listening on port 40135
1610289601860	Marionette	WARN	TLS certificate errors will be ignored for this session
1610289616137	Marionette	INFO	Stopped listening on port 40135
1610289725842	geckodriver	INFO	Listening on 127.0.0.1:38673
1610289725849	mozrunner::runner	INFO	Running command: "/usr/bin/firefox" "--marionette" "-foreground" "-no-remote" "-profile" "/tmp/rust_mozprofileGDDUJM"
1610289731029	Marionette	INFO	Listening on port 34533
1610289731064	Marionette	WARN	TLS certificate errors will be ignored for this session
1610289746247	Marionette	INFO	Stopped listening on port 34533

###!!! [Child][MessageChannel] Error: (msgtype=0x6B0029,name=PNecko::Msg_RemoveRequestContext) Channel closing: too late to send/recv, messages will be lost

1610289847509	geckodriver	INFO	Listening on 127.0.0.1:45623
1610289847515	mozrunner::runner	INFO	Running command: "/usr/bin/firefox" "--marionette" "-foreground" "-no-remote" "-profile" "/tmp/rust_mozprofileL9mWQW"
1610289852691	Marionette	INFO	Listening on port 45511
1610289852745	Marionette	WARN	TLS certificate errors will be ignored for this session
1610289867360	Marionette	INFO	Stopped listening on port 45511
1610289965404	geckodriver	INFO	Listening on 127.0.0.1:59593
1610289965411	mozrunner::runner	INFO	Running command: "/usr/bin/firefox" "--marionette" "-foreground" "-no-remote" "-profile" "/tmp/rust_mozprofileVcILqR"
1610289970388	Marionette	INFO	Listening on port 44185
1610289970438	Marionette	WARN	TLS certificate errors will be ignored for this session
1610289984785	Marionette	INFO	Stopped listening on port 44185
1610290341285	geckodriver	INFO	Listening on 127.0.0.1:59663
1610290341290	mozrunner::runner	INFO	Running command: "/usr/bin/firefox" "--marionette" "-foreground" "-no-remote" "-profile" "/tmp/rust_mozprofilemuoXNa"
1610290345578	Marionette	INFO	Listening on port 37797
1610290345605	Marionette	WARN	TLS certificate errors will be ignored for this session
1610290359366	Marionette	INFO	Stopped listening on port 37797
1610290401793	geckodriver	INFO	Listening on 127.0.0.1:45063
1610290401798	mozrunner::runner	INFO	Running command: "/usr/bin/firefox" "--marionette" "-foreground" "-no-remote" "-profile" "/tmp/rust_mozprofileC3dELg"
1610290406725	Marionette	INFO	Listening on port 46789
1610290406815	Marionette	WARN	TLS certificate errors will be ignored for this session
1610290420820	Marionette	INFO	Stopped listening on port 46789
1610290514250	geckodriver	INFO	Listening on 127.0.0.1:48683
1610290514255	mozrunner::runner	INFO	Running command: "/usr/bin/firefox" "--marionette" "-foreground" "-no-remote" "-profile" "/tmp/rust_mozprofile4urKL1"
1610290519313	Marionette	INFO	Listening on port 34897
1610290519380	Marionette	WARN	TLS certificate errors will be ignored for this session
1610290533398	Marionette	INFO	Stopped listening on port 34897
1610290657046	geckodriver	INFO	Listening on 127.0.0.1:58433
1610290657051	mozrunner::runner	INFO	Running command: "/usr/bin/firefox" "--marionette" "-foreground" "-no-remote" "-profile" "/tmp/rust_mozprofileC7yQ3R"
1610290662032	Marionette	INFO	Listening on port 38721
1610290662074	Marionette	WARN	TLS certificate errors will be ignored for this session
1610290679015	Marionette	INFO	Stopped listening on port 38721
1610293380555	geckodriver	INFO	Listening on 127.0.0.1:50061
1610293380560	mozrunner::runner	INFO	Running command: "/usr/bin/firefox" "--marionette" "-foreground" "-no-remote" "-profile" "/tmp/rust_mozprofileA6Poas"
1610293384898	Marionette	INFO	Listening on port 33905
1610293384988	Marionette	WARN	TLS certificate errors will be ignored for this session
1610293399787	Marionette	INFO	Stopped listening on port 33905
1610293554438	geckodriver	INFO	Listening on 127.0.0.1:52081
1610293554443	mozrunner::runner	INFO	Running command: "/usr/bin/firefox" "--marionette" "-foreground" "-no-remote" "-profile" "/tmp/rust_mozprofile1wgxks"
1610293559443	Marionette	INFO	Listening on port 33155
1610293559467	Marionette	WARN	TLS certificate errors will be ignored for this session
JavaScript error: resource://gre/modules/URIFixup.jsm, line 281: NS_ERROR_FAILURE: Should pass a non-null uri
1610293572462	Marionette	INFO	Stopped listening on port 33155
1610293663298	geckodriver	INFO	Listening on 127.0.0.1:44745
1610293663303	mozrunner::runner	INFO	Running command: "/usr/bin/firefox" "--marionette" "-foreground" "-no-remote" "-profile" "/tmp/rust_mozprofilezIeQWx"
1610293667863	Marionette	INFO	Listening on port 45893
1610293667918	Marionette	WARN	TLS certificate errors will be ignored for this session
JavaScript error: resource://gre/modules/URIFixup.jsm, line 281: NS_ERROR_FAILURE: Should pass a non-null uri
1610293683138	Marionette	INFO	Stopped listening on port 45893

###!!! [Child][MessageChannel] Error: (msgtype=0x5B0011,name=PHttpChannel::Msg___delete__) Channel closing: too late to send/recv, messages will be lost


###!!! [Child][MessageChannel] Error: (msgtype=0x6B0029,name=PNecko::Msg_RemoveRequestContext) Channel closing: too late to send/recv, messages will be lost

1610465925581	geckodriver	INFO	Listening on 127.0.0.1:55153
1610465926674	mozrunner::runner	INFO	Running command: "/usr/bin/firefox" "--marionette" "-foreground" "-no-remote" "-profile" "/tmp/rust_mozprofileWLQzki"
1610465932189	Marionette	INFO	Listening on port 40607
1610465932359	Marionette	WARN	TLS certificate errors will be ignored for this session
1610465947849	Marionette	INFO	Stopped listening on port 40607

###!!! [Child][RunMessage] Error: Channel closing: too late to send/recv, messages will be lost


###!!! [Child][RunMessage] Error: Channel closing: too late to send/recv, messages will be lost

